<?xml version="1.0" encoding="UTF-8"?>
<testsuite name="org.jboss.cdi.tck.interceptors.tests.contract.aroundConstruct.bindings.AroundConstructTest" tests="3" skipped="0" failures="0" errors="0" timestamp="2026-05-20T14:08:47.700Z" hostname="runnervmrw5os" time="0.586">
  <properties/>
  <testcase name="testExceptions[0](null)" classname="org.jboss.cdi.tck.interceptors.tests.contract.aroundConstruct.bindings.AroundConstructTest" time="0.006"/>
  <testcase name="testInterceptorInvocation[0](null)" classname="org.jboss.cdi.tck.interceptors.tests.contract.aroundConstruct.bindings.AroundConstructTest" time="0.006"/>
  <testcase name="testReplacingParameters[0](null)" classname="org.jboss.cdi.tck.interceptors.tests.contract.aroundConstruct.bindings.AroundConstructTest" time="0.011"/>
    </testsuite>
