<?xml version="1.0" encoding="UTF-8"?>
<testsuite name="org.jboss.cdi.tck.interceptors.tests.bindings.multiple.MultipleInterceptorBindingsTest" tests="3" skipped="0" failures="0" errors="0" timestamp="2026-05-20T14:08:40.989Z" hostname="runnervmrw5os" time="0.68">
  <properties/>
  <testcase name="testInterceptorAppliedToBeanWithAllBindings" classname="org.jboss.cdi.tck.interceptors.tests.bindings.multiple.MultipleInterceptorBindingsTest" time="0.01"/>
  <testcase name="testInterceptorNotAppliedToBeanWithSomeBindings" classname="org.jboss.cdi.tck.interceptors.tests.bindings.multiple.MultipleInterceptorBindingsTest" time="0.009"/>
  <testcase name="testMultipleInterceptorsOnMethod" classname="org.jboss.cdi.tck.interceptors.tests.bindings.multiple.MultipleInterceptorBindingsTest" time="0.005"/>
    </testsuite>
