<?xml version="1.0" encoding="UTF-8"?>
<testsuite name="org.jboss.cdi.tck.tests.implementation.producer.field.definition.broken.inject.InjectAnnotatedProducerFieldTest" tests="1" skipped="0" failures="0" errors="0" timestamp="2026-05-20T14:09:43.015Z" hostname="runnervmrw5os" time="0.194">
  <properties/>
  <testcase name="testInjectAnnotatedProducerFieldNotAllowed" classname="org.jboss.cdi.tck.tests.implementation.producer.field.definition.broken.inject.InjectAnnotatedProducerFieldTest" time="0.0"/>
    </testsuite>
