<?xml version="1.0" encoding="UTF-8"?>
<testsuite name="org.jboss.cdi.tck.interceptors.tests.contract.interceptorLifeCycle.InterceptorLifeCycleTest" tests="2" skipped="0" failures="0" errors="0" timestamp="2026-05-20T14:08:52.479Z" hostname="runnervmrw5os" time="0.664">
  <properties/>
  <testcase name="testInterceptorInstanceCreatedWhenTargetInstanceCreated[0](null)" classname="org.jboss.cdi.tck.interceptors.tests.contract.interceptorLifeCycle.InterceptorLifeCycleTest" time="0.039"/>
  <testcase name="testInterceptorMethodsCalledAfterDependencyInjection" classname="org.jboss.cdi.tck.interceptors.tests.contract.interceptorLifeCycle.InterceptorLifeCycleTest" time="0.011"/>
    </testsuite>
