<?xml version="1.0" encoding="UTF-8"?>
<testsuite name="org.jboss.cdi.tck.tests.event.observer.wildcardAndTypeVariable.ObserverMethodWithParametertizedTypeTest" tests="4" skipped="0" failures="0" errors="0" timestamp="2026-05-20T14:09:31.262Z" hostname="runnervmrw5os" time="0.386">
  <properties/>
  <testcase name="testObserverMethodCanObserveArrayTypeVariable" classname="org.jboss.cdi.tck.tests.event.observer.wildcardAndTypeVariable.ObserverMethodWithParametertizedTypeTest" time="0.001"/>
  <testcase name="testObserverMethodCanObserveArrayWildcard" classname="org.jboss.cdi.tck.tests.event.observer.wildcardAndTypeVariable.ObserverMethodWithParametertizedTypeTest" time="0.002"/>
  <testcase name="testObserverMethodCanObserveTypeVariable" classname="org.jboss.cdi.tck.tests.event.observer.wildcardAndTypeVariable.ObserverMethodWithParametertizedTypeTest" time="0.001"/>
  <testcase name="testObserverMethodCanObserveWildcardType" classname="org.jboss.cdi.tck.tests.event.observer.wildcardAndTypeVariable.ObserverMethodWithParametertizedTypeTest" time="0.002"/>
    </testsuite>
