<?xml version="1.0" encoding="UTF-8"?>
<testsuite name="org.jboss.cdi.tck.tests.event.eventTypes.EventTypesTest" tests="3" skipped="0" failures="0" errors="0" timestamp="2026-05-20T14:09:22.701Z" hostname="runnervmrw5os" time="0.382">
  <properties/>
  <testcase name="testEventTypeIncludesAllSuperclassesAndInterfacesOfEventObject" classname="org.jboss.cdi.tck.tests.event.eventTypes.EventTypesTest" time="0.002"/>
  <testcase name="testEventTypeIsArray" classname="org.jboss.cdi.tck.tests.event.eventTypes.EventTypesTest" time="0.004"/>
  <testcase name="testEventTypeIsConcreteTypeWithNoTypeVariables" classname="org.jboss.cdi.tck.tests.event.eventTypes.EventTypesTest" time="0.007"/>
    </testsuite>
