<?xml version="1.0" encoding="UTF-8"?>
<testsuite name="org.jboss.cdi.tck.tests.implementation.disposal.method.definition.inheritance.DisposerMethodInheritanceTest" tests="1" skipped="0" failures="0" errors="0" timestamp="2026-05-20T14:09:39.593Z" hostname="runnervmrw5os" time="0.369">
  <properties/>
  <testcase name="testManagedBeanDisposerMethodNotInherited" classname="org.jboss.cdi.tck.tests.implementation.disposal.method.definition.inheritance.DisposerMethodInheritanceTest" time="0.002"/>
    </testsuite>
