<?xml version="1.0" encoding="UTF-8"?>
<testsuite name="org.jboss.cdi.tck.tests.implementation.disposal.method.definition.broken.validation.unsatisfied.DisposerMethodParameterInjectionValidationTest" tests="1" skipped="0" failures="0" errors="0" timestamp="2026-05-20T14:09:39.400Z" hostname="runnervmrw5os" time="0.19">
  <properties/>
  <testcase name="test" classname="org.jboss.cdi.tck.tests.implementation.disposal.method.definition.broken.validation.unsatisfied.DisposerMethodParameterInjectionValidationTest" time="0.001"/>
    </testsuite>
