<?xml version="1.0" encoding="UTF-8"?>
<testsuite name="org.jboss.cdi.tck.tests.definition.stereotype.interceptor.StereotypeWithMultipleInterceptorBindingsTest" tests="1" skipped="0" failures="0" errors="0" timestamp="2026-05-20T14:09:17.280Z" hostname="runnervmrw5os" time="0.385">
  <properties/>
  <testcase name="testMultipleInterceptorBindings[0](null)" classname="org.jboss.cdi.tck.tests.definition.stereotype.interceptor.StereotypeWithMultipleInterceptorBindingsTest" time="0.008"/>
    </testsuite>
