<?xml version="1.0" encoding="UTF-8"?>
<testsuite name="org.jboss.cdi.tck.tests.alternative.selection.SelectedAlternative01Test" tests="2" skipped="0" failures="0" errors="0" timestamp="2026-05-20T14:08:38.715Z" hostname="runnervmrw5os" time="0.807">
  <properties/>
  <testcase name="testAlternativeManagedBeanSelected" classname="org.jboss.cdi.tck.tests.alternative.selection.SelectedAlternative01Test" time="0.005"/>
  <testcase name="testAlternativeProducerSelected" classname="org.jboss.cdi.tck.tests.alternative.selection.SelectedAlternative01Test" time="0.009"/>
    </testsuite>
