<?xml version="1.0" encoding="UTF-8"?>
<testsuite name="org.jboss.cdi.tck.interceptors.tests.contract.lifecycleCallback.bindings.LifecycleInterceptorDefinitionTest" tests="2" skipped="0" failures="0" errors="0" timestamp="2026-05-20T14:09:05.231Z" hostname="runnervmrw5os" time="0.471">
  <properties/>
  <testcase name="testLifecycleInterception" classname="org.jboss.cdi.tck.interceptors.tests.contract.lifecycleCallback.bindings.LifecycleInterceptorDefinitionTest" time="0.012"/>
  <testcase name="testMultipleLifecycleInterceptors" classname="org.jboss.cdi.tck.interceptors.tests.contract.lifecycleCallback.bindings.LifecycleInterceptorDefinitionTest" time="0.011"/>
    </testsuite>
