<?xml version="1.0" encoding="UTF-8"?>
<testsuite name="org.jboss.cdi.tck.tests.implementation.producer.field.definition.broken.interceptor.ProducerFieldOnInterceptorTest" tests="1" skipped="0" failures="0" errors="0" timestamp="2026-05-20T14:09:43.213Z" hostname="runnervmrw5os" time="0.204">
  <properties/>
  <testcase name="testProducerFieldNotAllowedOnInterceptor" classname="org.jboss.cdi.tck.tests.implementation.producer.field.definition.broken.interceptor.ProducerFieldOnInterceptorTest" time="0.001"/>
    </testsuite>
