<?xml version="1.0" encoding="UTF-8"?>
<testsuite name="org.jboss.cdi.tck.tests.lookup.injection.parameterized.ParameterizedTypesInjectionToParameterizedWithActualTypeTest" tests="1" skipped="0" failures="0" errors="0" timestamp="2026-05-20T14:10:18.282Z" hostname="runnervmrw5os" time="0.332">
  <properties/>
  <testcase name="testInjection" classname="org.jboss.cdi.tck.tests.lookup.injection.parameterized.ParameterizedTypesInjectionToParameterizedWithActualTypeTest" time="0.001"/>
    </testsuite>
