<?xml version="1.0" encoding="UTF-8"?>
<testsuite name="org.jboss.cdi.tck.tests.implementation.producer.method.broken.parameterizedTypeWithTypeParameter.ParametrizedReturnTypeWithTypeVariable02Test" tests="1" skipped="0" failures="0" errors="0" timestamp="2026-05-20T14:09:45.841Z" hostname="runnervmrw5os" time="0.201">
  <properties/>
  <testcase name="testNonDependentScopedProducerMethodWithParameterizedTypeWithTypeVariable" classname="org.jboss.cdi.tck.tests.implementation.producer.method.broken.parameterizedTypeWithTypeParameter.ParametrizedReturnTypeWithTypeVariable02Test" time="0.0"/>
    </testsuite>
