<?xml version="1.0" encoding="UTF-8"?>
<testsuite name="org.jboss.cdi.tck.interceptors.tests.contract.invocationContext.InvocationContextTest" tests="12" skipped="0" failures="0" errors="0" timestamp="2026-05-20T14:08:58.602Z" hostname="runnervmrw5os" time="1.274">
  <properties/>
  <testcase name="testBusinessMethodNotCalledWithoutProceedInvocation" classname="org.jboss.cdi.tck.interceptors.tests.contract.invocationContext.InvocationContextTest" time="0.05"/>
  <testcase name="testContextData" classname="org.jboss.cdi.tck.interceptors.tests.contract.invocationContext.InvocationContextTest" time="0.041"/>
  <testcase name="testCtxProceedForLifecycleCallbackInterceptorMethod" classname="org.jboss.cdi.tck.interceptors.tests.contract.invocationContext.InvocationContextTest" time="0.037"/>
  <testcase name="testGetInterceptorBindings" classname="org.jboss.cdi.tck.interceptors.tests.contract.invocationContext.InvocationContextTest" time="0.039"/>
  <testcase name="testGetMethodForAroundInvokeInterceptorMethod" classname="org.jboss.cdi.tck.interceptors.tests.contract.invocationContext.InvocationContextTest" time="0.048"/>
  <testcase name="testGetMethodForLifecycleCallbackInterceptorMethod" classname="org.jboss.cdi.tck.interceptors.tests.contract.invocationContext.InvocationContextTest" time="0.039"/>
  <testcase name="testGetTargetMethod" classname="org.jboss.cdi.tck.interceptors.tests.contract.invocationContext.InvocationContextTest" time="0.039"/>
  <testcase name="testGetTimerMethod" classname="org.jboss.cdi.tck.interceptors.tests.contract.invocationContext.InvocationContextTest" time="0.038"/>
  <testcase name="testIllegalNumberOfParameters" classname="org.jboss.cdi.tck.interceptors.tests.contract.invocationContext.InvocationContextTest" time="0.039"/>
  <testcase name="testIllegalTypeOfParameters" classname="org.jboss.cdi.tck.interceptors.tests.contract.invocationContext.InvocationContextTest" time="0.04"/>
  <testcase name="testMethodParameters" classname="org.jboss.cdi.tck.interceptors.tests.contract.invocationContext.InvocationContextTest" time="0.04"/>
  <testcase name="testProceedReturnsNullForVoidMethod" classname="org.jboss.cdi.tck.interceptors.tests.contract.invocationContext.InvocationContextTest" time="0.034"/>
    </testsuite>
