<?xml version="1.0" encoding="UTF-8"?>
<testsuite name="org.jboss.cdi.tck.tests.lookup.byname.broken.injectionPointWithNamed2.NamedNonFieldInjectionPointTest" tests="1" skipped="0" failures="0" errors="0" timestamp="2026-05-20T14:10:10.293Z" hostname="runnervmrw5os" time="0.178">
  <properties/>
  <testcase name="testNamedObserverMethodInjectionPointNotAllowed" classname="org.jboss.cdi.tck.tests.lookup.byname.broken.injectionPointWithNamed2.NamedNonFieldInjectionPointTest" time="0.001"/>
    </testsuite>
