<?xml version="1.0" encoding="UTF-8"?>
<testsuite name="org.jboss.cdi.tck.tests.interceptors.definition.member.InterceptorBindingTypeWithMemberTest" tests="2" skipped="0" failures="0" errors="0" timestamp="2026-05-20T14:09:55.048Z" hostname="runnervmrw5os" time="0.358">
  <properties/>
  <testcase name="testInterceptorBindingTypeWithMember" classname="org.jboss.cdi.tck.tests.interceptors.definition.member.InterceptorBindingTypeWithMemberTest" time="0.004"/>
  <testcase name="testInterceptorBindingTypeWithNonBindingMember" classname="org.jboss.cdi.tck.tests.interceptors.definition.member.InterceptorBindingTypeWithMemberTest" time="0.002"/>
    </testsuite>
