<?xml version="1.0" encoding="UTF-8"?>
<testsuite name="org.jboss.cdi.tck.interceptors.tests.contract.exceptions.aroundInvoke.ExceptionTest" tests="2" skipped="0" failures="0" errors="0" timestamp="2026-05-20T14:08:51.254Z" hostname="runnervmrw5os" time="0.497">
  <properties/>
  <testcase name="testExceptions1" classname="org.jboss.cdi.tck.interceptors.tests.contract.exceptions.aroundInvoke.ExceptionTest" time="0.008"/>
  <testcase name="testExceptions2" classname="org.jboss.cdi.tck.interceptors.tests.contract.exceptions.aroundInvoke.ExceptionTest" time="0.006"/>
    </testsuite>
