<?xml version="1.0" encoding="UTF-8"?>
<testsuite name="org.jboss.cdi.tck.tests.event.broken.observer.tooManyParameters.ObserverMethodWithTwoEventParametersTest" tests="1" skipped="0" failures="0" errors="0" timestamp="2026-05-20T13:16:26.873Z" hostname="runnervmg397c" time="0.2">
  <properties/>
  <testcase name="testObserverMethodMustHaveOnlyOneEventParameter" classname="org.jboss.cdi.tck.tests.event.broken.observer.tooManyParameters.ObserverMethodWithTwoEventParametersTest" time="0.001"/>
    </testsuite>
