<?xml version="1.0" encoding="UTF-8"?>
<testsuite name="org.jboss.cdi.tck.tests.implementation.builtin.metadata.broken.typeparam.interceptor.InterceptorTypeParamConstructorTest" tests="1" skipped="0" failures="0" errors="0" timestamp="2026-05-20T13:16:41.783Z" hostname="runnervmg397c" time="0.207">
  <properties/>
  <testcase name="testDeploymentFails" classname="org.jboss.cdi.tck.tests.implementation.builtin.metadata.broken.typeparam.interceptor.InterceptorTypeParamConstructorTest" time="0.0"/>
    </testsuite>
