<?xml version="1.0" encoding="UTF-8"?>
<testsuite name="org.jboss.cdi.tck.tests.event.broken.observer.dependentIsConditionalObserver.DependentIsConditionalObserverTest" tests="1" skipped="0" failures="0" errors="0" timestamp="2026-05-20T13:16:25.953Z" hostname="runnervmg397c" time="0.182">
  <properties/>
  <testcase name="testDependentBeanWithConditionalObserverMethodIsDefinitionError" classname="org.jboss.cdi.tck.tests.event.broken.observer.dependentIsConditionalObserver.DependentIsConditionalObserverTest" time="0.0"/>
    </testsuite>
