<?xml version="1.0" encoding="UTF-8"?>
<testsuite name="org.jboss.cdi.tck.interceptors.tests.bindings.broken.InvalidTransitiveInterceptorBindingAnnotationsTest" tests="1" skipped="0" failures="0" errors="0" timestamp="2026-05-20T13:15:43.775Z" hostname="runnervmg397c" time="0.512">
  <properties/>
  <testcase name="testInterceptorBindingsWithConflictingAnnotationMembersNotOk" classname="org.jboss.cdi.tck.interceptors.tests.bindings.broken.InvalidTransitiveInterceptorBindingAnnotationsTest" time="0.001"/>
    </testsuite>
