<?xml version="1.0" encoding="UTF-8"?>
<testsuite name="org.jboss.cdi.tck.tests.interceptors.definition.inheritance.broken.binding.FinalClassWithInheritedStereotypeInterceptorTest" tests="1" skipped="0" failures="0" errors="0" timestamp="2026-05-20T13:16:58.106Z" hostname="runnervmg397c" time="0.201">
  <properties/>
  <testcase name="testFinalMethodWithInheritedStereotypeInterceptor" classname="org.jboss.cdi.tck.tests.interceptors.definition.inheritance.broken.binding.FinalClassWithInheritedStereotypeInterceptorTest" time="0.001"/>
    </testsuite>
