<?xml version="1.0" encoding="UTF-8"?>
<testsuite name="org.jboss.cdi.tck.tests.implementation.producer.field.definition.broken.typeVariable2.RequestScopedProducerFieldWithTypeVariableTest" tests="1" skipped="0" failures="0" errors="0" timestamp="2026-05-20T13:16:48.265Z" hostname="runnervmg397c" time="0.167">
  <properties/>
  <testcase name="testRequestScopedProducerFieldParameterizedWithTypeVariableNotAllowed" classname="org.jboss.cdi.tck.tests.implementation.producer.field.definition.broken.typeVariable2.RequestScopedProducerFieldWithTypeVariableTest" time="0.001"/>
    </testsuite>
