<?xml version="1.0" encoding="UTF-8"?>
<testsuite name="org.jboss.cdi.tck.tests.context.dependent.transientreference.DependentTransientReferenceDestroyedTest" tests="2" skipped="0" failures="0" errors="0" timestamp="2026-05-20T13:16:14.051Z" hostname="runnervmg397c" time="0.388">
  <properties/>
  <testcase name="testConstructorAndInitializer" classname="org.jboss.cdi.tck.tests.context.dependent.transientreference.DependentTransientReferenceDestroyedTest" time="0.004"/>
  <testcase name="testProducerMethod" classname="org.jboss.cdi.tck.tests.context.dependent.transientreference.DependentTransientReferenceDestroyedTest" time="0.003"/>
    </testsuite>
