<?xml version="1.0" encoding="UTF-8"?>
<testsuite name="org.jboss.cdi.tck.tests.definition.stereotype.priority.StereotypeWithPriorityTest" tests="4" skipped="0" failures="0" errors="0" timestamp="2026-05-20T13:16:23.649Z" hostname="runnervmg397c" time="0.398">
  <properties/>
  <testcase name="testBeanOverridesPriorityFromStereotype" classname="org.jboss.cdi.tck.tests.definition.stereotype.priority.StereotypeWithPriorityTest" time="0.002"/>
  <testcase name="testBeanPriorityFromStereotypeOverridesOtherAlternative" classname="org.jboss.cdi.tck.tests.definition.stereotype.priority.StereotypeWithPriorityTest" time="0.001"/>
  <testcase name="testStereotypeWithAlternativeAndPriority" classname="org.jboss.cdi.tck.tests.definition.stereotype.priority.StereotypeWithPriorityTest" time="0.002"/>
  <testcase name="testStereotypeWithPriority" classname="org.jboss.cdi.tck.tests.definition.stereotype.priority.StereotypeWithPriorityTest" time="0.003"/>
    </testsuite>
