<?xml version="1.0" encoding="UTF-8"?>
<testsuite name="org.jboss.cdi.tck.tests.implementation.producer.method.broken.parameterAnnotatedDisposes.ParameterAnnotatedDisposesTest" tests="1" skipped="0" failures="0" errors="0" timestamp="2026-05-20T13:16:49.656Z" hostname="runnervmg397c" time="0.175">
  <properties/>
  <testcase name="testProducerMethodWithParameterAnnotatedDisposes" classname="org.jboss.cdi.tck.tests.implementation.producer.method.broken.parameterAnnotatedDisposes.ParameterAnnotatedDisposesTest" time="0.0"/>
    </testsuite>
