<?xml version="1.0" encoding="UTF-8"?>
<testsuite name="org.jboss.cdi.tck.tests.interceptors.definition.inheritance.broken.binding.FinalMethodWithInheritedClassLevelInterceptorTest" tests="1" skipped="0" failures="0" errors="0" timestamp="2026-05-20T13:16:58.310Z" hostname="runnervmg397c" time="0.216">
  <properties/>
  <testcase name="testFinalMethodWithInheritedClassLevelInterceptor" classname="org.jboss.cdi.tck.tests.interceptors.definition.inheritance.broken.binding.FinalMethodWithInheritedClassLevelInterceptorTest" time="0.001"/>
    </testsuite>
