<?xml version="1.0" encoding="UTF-8"?>
<testsuite name="org.jboss.cdi.tck.tests.interceptors.definition.broken.finalClassInterceptor.DependentBeanFinalMethodInterceptorTest" tests="1" skipped="0" failures="0" errors="0" timestamp="2026-05-20T13:16:56.043Z" hostname="runnervmg397c" time="0.183">
  <properties/>
  <testcase name="testFinalMethodWithClassLevelInterceptor" classname="org.jboss.cdi.tck.tests.interceptors.definition.broken.finalClassInterceptor.DependentBeanFinalMethodInterceptorTest" time="0.0"/>
    </testsuite>
