<?xml version="1.0" encoding="UTF-8"?>
<testsuite name="org.jboss.cdi.tck.tests.lookup.typesafe.resolution.primitive.PrimitiveInjectionPointTest" tests="1" skipped="0" failures="0" errors="0" timestamp="2026-05-20T13:17:26.817Z" hostname="runnervmg397c" time="0.323">
  <properties/>
  <testcase name="testPrimitiveInjectionPointResolvedToNonPrimitiveProducerMethod" classname="org.jboss.cdi.tck.tests.lookup.typesafe.resolution.primitive.PrimitiveInjectionPointTest" time="0.002"/>
    </testsuite>
