<?xml version="1.0" encoding="UTF-8"?>
<testsuite name="org.jboss.cdi.tck.tests.implementation.disposal.method.definition.broken.multiple.MultipleDisposerMethodsForProducerMethodTest" tests="1" skipped="0" failures="0" errors="0" timestamp="2026-05-20T13:16:43.378Z" hostname="runnervmg397c" time="0.189">
  <properties/>
  <testcase name="testMultipleDisposerMethodsForProducerMethodNotAllowed" classname="org.jboss.cdi.tck.tests.implementation.disposal.method.definition.broken.multiple.MultipleDisposerMethodsForProducerMethodTest" time="0.0"/>
    </testsuite>
