<?xml version="1.0" encoding="UTF-8"?>
<testsuite name="org.jboss.cdi.tck.interceptors.tests.contract.lifecycleCallback.bindings.LifecycleInterceptorDefinitionTest" tests="2" skipped="0" failures="0" errors="0" timestamp="2026-05-20T13:16:11.202Z" hostname="runnervmg397c" time="0.492">
  <properties/>
  <testcase name="testLifecycleInterception" classname="org.jboss.cdi.tck.interceptors.tests.contract.lifecycleCallback.bindings.LifecycleInterceptorDefinitionTest" time="0.008"/>
  <testcase name="testMultipleLifecycleInterceptors" classname="org.jboss.cdi.tck.interceptors.tests.contract.lifecycleCallback.bindings.LifecycleInterceptorDefinitionTest" time="0.01"/>
    </testsuite>
