<?xml version="1.0" encoding="UTF-8"?>
<testsuite name="org.jboss.cdi.tck.tests.interceptors.definition.inheritance.broken.binding.FinalMethodWithInheritedStereotypeInterceptorTest" tests="1" skipped="0" failures="0" errors="0" timestamp="2026-05-20T13:16:58.529Z" hostname="runnervmg397c" time="0.205">
  <properties/>
  <testcase name="testFinalClassWithInheritedStereotypeInterceptor" classname="org.jboss.cdi.tck.tests.interceptors.definition.inheritance.broken.binding.FinalMethodWithInheritedStereotypeInterceptorTest" time="0.001"/>
    </testsuite>
