<?xml version="1.0" encoding="UTF-8"?>
<testsuite name="org.jboss.cdi.tck.tests.lookup.injection.parameterized.ParameterizedTypesInjectionToParameterizedWithTypeVariableUpperBoundTest" tests="1" skipped="0" failures="0" errors="0" timestamp="2026-05-20T13:17:21.385Z" hostname="runnervmg397c" time="0.261">
  <properties/>
  <testcase name="testInjection" classname="org.jboss.cdi.tck.tests.lookup.injection.parameterized.ParameterizedTypesInjectionToParameterizedWithTypeVariableUpperBoundTest" time="0.001"/>
    </testsuite>
