<?xml version="1.0" encoding="UTF-8"?>
<testsuite name="org.jboss.cdi.tck.tests.lookup.typesafe.resolution.interceptor.InterceptorNotResolvedInterModuleTest" tests="1" skipped="0" failures="0" errors="0" timestamp="2026-05-20T13:17:25.561Z" hostname="runnervmg397c" time="0.206">
  <properties/>
  <testcase name="testInterceptorNotAvailableForInjection" classname="org.jboss.cdi.tck.tests.lookup.typesafe.resolution.interceptor.InterceptorNotResolvedInterModuleTest" time="0.001"/>
    </testsuite>
