<?xml version="1.0" encoding="UTF-8"?>
<testsuite name="org.jboss.cdi.tck.tests.implementation.producer.method.broken.parameterizedTypeWithTypeParameter.ParameterizedReturnTypeWithTypeVariableTest" tests="1" skipped="0" failures="0" errors="0" timestamp="2026-05-20T13:16:50.182Z" hostname="runnervmg397c" time="0.169">
  <properties/>
  <testcase name="testNonDependentScopedProducerMethodWithParameterizedTypeWithTypeVariable" classname="org.jboss.cdi.tck.tests.implementation.producer.method.broken.parameterizedTypeWithTypeParameter.ParameterizedReturnTypeWithTypeVariableTest" time="0.0"/>
    </testsuite>
