<?xml version="1.0" encoding="UTF-8"?>
<testsuite name="org.jboss.cdi.tck.tests.implementation.simple.definition.tooManyInitializerAnnotatedConstructors.TooManyInitializerAnnotatedConstructorsTest" tests="1" skipped="0" failures="0" errors="0" timestamp="2026-05-20T13:16:54.211Z" hostname="runnervmg397c" time="0.169">
  <properties/>
  <testcase name="testTooManyInitializerAnnotatedConstructor" classname="org.jboss.cdi.tck.tests.implementation.simple.definition.tooManyInitializerAnnotatedConstructors.TooManyInitializerAnnotatedConstructorsTest" time="0.001"/>
    </testsuite>
