<?xml version="1.0" encoding="UTF-8"?>
<testsuite name="org.jboss.cdi.tck.tests.lookup.dynamic.destroy.normal.DestroyingNormalScopedInstanceTest" tests="4" skipped="0" failures="0" errors="0" timestamp="2026-05-20T13:17:19.854Z" hostname="runnervmg397c" time="0.292">
  <properties/>
  <testcase name="testApplicationScopedComponent[0](null)" classname="org.jboss.cdi.tck.tests.lookup.dynamic.destroy.normal.DestroyingNormalScopedInstanceTest" time="0.002"/>
  <testcase name="testNothingHappensIfNoInstanceToDestroy[0](null)" classname="org.jboss.cdi.tck.tests.lookup.dynamic.destroy.normal.DestroyingNormalScopedInstanceTest" time="0.002"/>
  <testcase name="testNullParameter[0](null)" classname="org.jboss.cdi.tck.tests.lookup.dynamic.destroy.normal.DestroyingNormalScopedInstanceTest" time="0.003"/>
  <testcase name="testRequestScopedComponent[0](null)" classname="org.jboss.cdi.tck.tests.lookup.dynamic.destroy.normal.DestroyingNormalScopedInstanceTest" time="0.002"/>
    </testsuite>
