<?xml version="1.0" encoding="UTF-8"?>
<testsuite name="org.jboss.cdi.tck.tests.implementation.builtin.metadata.broken.typeparam.interceptor.InterceptedBeanTypeParamInitializerTest" tests="1" skipped="0" failures="0" errors="0" timestamp="2026-05-20T13:16:41.582Z" hostname="runnervmg397c" time="0.198">
  <properties/>
  <testcase name="testDeploymentFails" classname="org.jboss.cdi.tck.tests.implementation.builtin.metadata.broken.typeparam.interceptor.InterceptedBeanTypeParamInitializerTest" time="0.001"/>
    </testsuite>
