<?xml version="1.0" encoding="UTF-8"?>
<testsuite name="org.jboss.cdi.tck.tests.build.compatible.extensions.customNormalScope.CustomNormalScopeTest" tests="2" skipped="0" failures="0" errors="0" timestamp="2026-05-20T13:15:57.988Z" hostname="runnervmg397c" time="0.384">
  <properties/>
  <testcase name="commandContextController" classname="org.jboss.cdi.tck.tests.build.compatible.extensions.customNormalScope.CustomNormalScopeTest" time="0.006"/>
  <testcase name="commandExecutor" classname="org.jboss.cdi.tck.tests.build.compatible.extensions.customNormalScope.CustomNormalScopeTest" time="0.007"/>
    </testsuite>
