<?xml version="1.0" encoding="UTF-8"?>
<testsuite name="org.jboss.cdi.tck.interceptors.tests.bindings.broken.InvalidStereotypeInterceptorBindingAnnotationsTest" tests="1" skipped="0" failures="0" errors="0" timestamp="2026-05-20T14:08:36.755Z" hostname="runnervmrw5os" time="0.557">
  <properties/>
  <testcase name="testInterceptorBindingsWithConflictingAnnotationMembersNotOk" classname="org.jboss.cdi.tck.interceptors.tests.bindings.broken.InvalidStereotypeInterceptorBindingAnnotationsTest" time="0.002"/>
    </testsuite>
