<?xml version="1.0" encoding="UTF-8"?>
<testsuite name="org.jboss.cdi.tck.tests.implementation.simple.definition.constructorHasAsyncObservesParameter.ConstructorHasAsyncObservesParameterTest" tests="1" skipped="0" failures="0" errors="0" timestamp="2026-05-20T14:09:48.715Z" hostname="runnervmrw5os" time="0.185">
  <properties/>
  <testcase name="testConstructorHasAsyncObservesParameter" classname="org.jboss.cdi.tck.tests.implementation.simple.definition.constructorHasAsyncObservesParameter.ConstructorHasAsyncObservesParameterTest" time="0.001"/>
    </testsuite>
