<?xml version="1.0" encoding="UTF-8"?>
<testsuite name="org.jboss.cdi.tck.interceptors.tests.bindings.aroundConstruct.ConstructorInterceptionTest" tests="5" skipped="0" failures="0" errors="0" timestamp="2026-05-20T14:08:29.740Z" hostname="runnervmrw5os" time="3.814">
  <properties/>
  <testcase name="testConstructorLevelBinding[0](null)" classname="org.jboss.cdi.tck.interceptors.tests.bindings.aroundConstruct.ConstructorInterceptionTest" time="0.038"/>
  <testcase name="testMultipleConstructorLevelBinding[0](null)" classname="org.jboss.cdi.tck.interceptors.tests.bindings.aroundConstruct.ConstructorInterceptionTest" time="0.023"/>
  <testcase name="testOverridingTypeLevelBinding[0](null)" classname="org.jboss.cdi.tck.interceptors.tests.bindings.aroundConstruct.ConstructorInterceptionTest" time="0.027"/>
  <testcase name="testTypeLevelAndConstructorLevelBinding[0](null)" classname="org.jboss.cdi.tck.interceptors.tests.bindings.aroundConstruct.ConstructorInterceptionTest" time="0.014"/>
  <testcase name="testTypeLevelBinding[0](null)" classname="org.jboss.cdi.tck.interceptors.tests.bindings.aroundConstruct.ConstructorInterceptionTest" time="0.014"/>
    </testsuite>
