<?xml version="1.0" encoding="UTF-8"?>
<testsuite name="org.jboss.cdi.tck.tests.definition.bean.types.illegal.BeanTypesWithIllegalTypeTest" tests="3" skipped="0" failures="0" errors="0" timestamp="2026-05-20T14:09:11.562Z" hostname="runnervmrw5os" time="0.418">
  <properties/>
  <testcase name="beanSetOfBeanTypesContainsOnlyLegalTypes" classname="org.jboss.cdi.tck.tests.definition.bean.types.illegal.BeanTypesWithIllegalTypeTest" time="0.007"/>
  <testcase name="producerFieldsetOfBeanTypesContainsOnlyLegalTypes" classname="org.jboss.cdi.tck.tests.definition.bean.types.illegal.BeanTypesWithIllegalTypeTest" time="0.002"/>
  <testcase name="producerMethodsetOfBeanTypesContainsOnlyLegalTypes" classname="org.jboss.cdi.tck.tests.definition.bean.types.illegal.BeanTypesWithIllegalTypeTest" time="0.002"/>
    </testsuite>
