<?xml version="1.0" encoding="UTF-8"?>
<testsuite name="org.jboss.cdi.tck.tests.lookup.typesafe.resolution.parameterized.raw.RawBeanTypeParameterizedRequiredTypeTest" tests="2" skipped="0" failures="0" errors="0" timestamp="2026-05-20T14:10:24.439Z" hostname="runnervmrw5os" time="0.303">
  <properties/>
  <testcase name="testAssignableTypeParams" classname="org.jboss.cdi.tck.tests.lookup.typesafe.resolution.parameterized.raw.RawBeanTypeParameterizedRequiredTypeTest" time="0.003"/>
  <testcase name="testNotAssignableTypeParams" classname="org.jboss.cdi.tck.tests.lookup.typesafe.resolution.parameterized.raw.RawBeanTypeParameterizedRequiredTypeTest" time="0.003"/>
    </testsuite>
