<?xml version="1.0" encoding="UTF-8"?>
<testsuite name="org.jboss.cdi.tck.tests.event.observer.async.basic.MixedObserversTest" tests="3" skipped="0" failures="0" errors="0" timestamp="2026-05-20T14:09:26.477Z" hostname="runnervmrw5os" time="0.356">
  <properties/>
  <testcase name="testAsyncObserversCalledInDifferentThread" classname="org.jboss.cdi.tck.tests.event.observer.async.basic.MixedObserversTest" time="0.01"/>
  <testcase name="testQualifiedAsyncEventIsDeliveredOnlyToAsyncObservers" classname="org.jboss.cdi.tck.tests.event.observer.async.basic.MixedObserversTest" time="0.003"/>
  <testcase name="testSyncEventIsDeliveredOnlyToSyncObservers" classname="org.jboss.cdi.tck.tests.event.observer.async.basic.MixedObserversTest" time="0.002"/>
    </testsuite>
