<?xml version="1.0" encoding="UTF-8"?>
<testsuite name="org.jboss.cdi.tck.tests.interceptors.invocation.InterceptorInvocationTest" tests="7" skipped="0" failures="0" errors="0" timestamp="2026-05-20T14:09:55.413Z" hostname="runnervmrw5os" time="0.48">
  <properties/>
  <testcase name="testDisposerMethodsAreIntercepted" classname="org.jboss.cdi.tck.tests.interceptors.invocation.InterceptorInvocationTest" time="0.011"/>
  <testcase name="testInitializerMethodsNotIntercepted" classname="org.jboss.cdi.tck.tests.interceptors.invocation.InterceptorInvocationTest" time="0.005"/>
  <testcase name="testLifecycleCallbacksAreIntercepted" classname="org.jboss.cdi.tck.tests.interceptors.invocation.InterceptorInvocationTest" time="0.006"/>
  <testcase name="testManagedBeanIsIntercepted" classname="org.jboss.cdi.tck.tests.interceptors.invocation.InterceptorInvocationTest" time="0.007"/>
  <testcase name="testObjectMethodsAreNotIntercepted" classname="org.jboss.cdi.tck.tests.interceptors.invocation.InterceptorInvocationTest" time="0.004"/>
  <testcase name="testObserverMethodsAreIntercepted" classname="org.jboss.cdi.tck.tests.interceptors.invocation.InterceptorInvocationTest" time="0.005"/>
  <testcase name="testProducerMethodsAreIntercepted" classname="org.jboss.cdi.tck.tests.interceptors.invocation.InterceptorInvocationTest" time="0.003"/>
    </testsuite>
