<?xml version="1.0" encoding="UTF-8"?>
<testsuite name="org.jboss.cdi.tck.tests.implementation.producer.method.broken.parameterizedTypeWithTypeParameter.ParameterizedReturnTypeWithTypeVariableTest" tests="1" skipped="0" failures="0" errors="0" timestamp="2026-05-20T14:09:45.620Z" hostname="runnervmrw5os" time="0.218">
  <properties/>
  <testcase name="testNonDependentScopedProducerMethodWithParameterizedTypeWithTypeVariable" classname="org.jboss.cdi.tck.tests.implementation.producer.method.broken.parameterizedTypeWithTypeParameter.ParameterizedReturnTypeWithTypeVariableTest" time="0.001"/>
    </testsuite>
