<?xml version="1.0" encoding="UTF-8"?>
<testsuite name="org.jboss.cdi.tck.tests.build.compatible.extensions.changeObserverQualifier.ChangeObserverQualifierTest" tests="2" skipped="0" failures="0" errors="0" timestamp="2026-05-20T14:08:49.728Z" hostname="runnervmrw5os" time="0.405">
  <properties/>
  <testcase name="test" classname="org.jboss.cdi.tck.tests.build.compatible.extensions.changeObserverQualifier.ChangeObserverQualifierTest" time="0.008"/>
  <testcase name="testScopeIsRetained" classname="org.jboss.cdi.tck.tests.build.compatible.extensions.changeObserverQualifier.ChangeObserverQualifierTest" time="0.003"/>
    </testsuite>
