<?xml version="1.0" encoding="UTF-8"?>
<testsuite name="org.jboss.cdi.tck.tests.implementation.disposal.method.definition.broken.observes.ObserverParameterUnallowedDefinitionTest" tests="1" skipped="0" failures="0" errors="0" timestamp="2026-05-20T14:09:38.598Z" hostname="runnervmrw5os" time="0.192">
  <properties/>
  <testcase name="testObserverParameterUnallowed" classname="org.jboss.cdi.tck.tests.implementation.disposal.method.definition.broken.observes.ObserverParameterUnallowedDefinitionTest" time="0.001"/>
    </testsuite>
