<?xml version="1.0" encoding="UTF-8"?>
<testsuite name="org.jboss.cdi.tck.interceptors.tests.contract.lifecycleCallback.exceptions.LifecycleCallbackInterceptorExceptionTest" tests="3" skipped="0" failures="0" errors="0" timestamp="2026-05-20T14:09:06.467Z" hostname="runnervmrw5os" time="0.429">
  <properties/>
  <testcase name="testLifecycleCallbackInterceptorCanCatchException" classname="org.jboss.cdi.tck.interceptors.tests.contract.lifecycleCallback.exceptions.LifecycleCallbackInterceptorExceptionTest" time="0.007"/>
  <testcase name="testPostConstructCanThrowRuntimeException" classname="org.jboss.cdi.tck.interceptors.tests.contract.lifecycleCallback.exceptions.LifecycleCallbackInterceptorExceptionTest" time="0.003"/>
  <testcase name="testPreDestroyNotInvokedWhenInstanceDiscarded" classname="org.jboss.cdi.tck.interceptors.tests.contract.lifecycleCallback.exceptions.LifecycleCallbackInterceptorExceptionTest" time="0.004"/>
    </testsuite>
