<?xml version="1.0" encoding="UTF-8"?>
<testsuite name="org.jboss.cdi.tck.tests.implementation.producer.field.definition.broken.wildcard.ProducerFieldTypeWithWildcardTest" tests="1" skipped="0" failures="0" errors="0" timestamp="2026-05-20T14:09:43.794Z" hostname="runnervmrw5os" time="0.18">
  <properties/>
  <testcase name="testProducerFieldTypeWithWildcard" classname="org.jboss.cdi.tck.tests.implementation.producer.field.definition.broken.wildcard.ProducerFieldTypeWithWildcardTest" time="0.0"/>
    </testsuite>
