<?xml version="1.0" encoding="UTF-8"?>
<testsuite name="org.jboss.cdi.tck.tests.interceptors.definition.broken.finalClassInterceptor.NormalScopedBeanFinalClassInterceptorTest" tests="1" skipped="0" failures="0" errors="0" timestamp="2026-05-20T14:09:52.237Z" hostname="runnervmrw5os" time="0.213">
  <properties/>
  <testcase name="testFinalClassWithClassLevelInterceptor" classname="org.jboss.cdi.tck.tests.interceptors.definition.broken.finalClassInterceptor.NormalScopedBeanFinalClassInterceptorTest" time="0.001"/>
    </testsuite>
