<?xml version="1.0" encoding="UTF-8"?>
<testsuite name="org.jboss.cdi.tck.tests.implementation.builtin.metadata.broken.typeparam.interceptor.InterceptedBeanTypeParamConstructorTest" tests="1" skipped="0" failures="0" errors="0" timestamp="2026-05-20T14:09:36.042Z" hostname="runnervmrw5os" time="0.21">
  <properties/>
  <testcase name="testDeploymentFails" classname="org.jboss.cdi.tck.tests.implementation.builtin.metadata.broken.typeparam.interceptor.InterceptedBeanTypeParamConstructorTest" time="0.001"/>
    </testsuite>
