<?xml version="1.0" encoding="UTF-8"?>
<testsuite name="org.jboss.cdi.tck.interceptors.tests.bindings.resolution.InterceptorBindingResolutionTest" tests="3" skipped="0" failures="0" errors="0" timestamp="2026-05-20T14:08:44.190Z" hostname="runnervmrw5os" time="0.795">
  <properties/>
  <testcase name="testBusinessMethodInterceptorBindings[0](null, null)" classname="org.jboss.cdi.tck.interceptors.tests.bindings.resolution.InterceptorBindingResolutionTest" time="0.026"/>
  <testcase name="testConstructorInterceptorBindings" classname="org.jboss.cdi.tck.interceptors.tests.bindings.resolution.InterceptorBindingResolutionTest" time="0.008"/>
  <testcase name="testLifecycleInterceptorBindings" classname="org.jboss.cdi.tck.interceptors.tests.bindings.resolution.InterceptorBindingResolutionTest" time="0.015"/>
    </testsuite>
