<?xml version="1.0" encoding="UTF-8"?>
<testsuite name="org.jboss.cdi.tck.tests.event.broken.observer.bothObservesAnnotations.ObserverMethodParameterAnnotatedAsSyncAndAsyncTest" tests="1" skipped="0" failures="0" errors="0" timestamp="2026-05-20T14:09:20.237Z" hostname="runnervmrw5os" time="0.165">
  <properties/>
  <testcase name="observerMethodMustBeSyncOrAsync" classname="org.jboss.cdi.tck.tests.event.broken.observer.bothObservesAnnotations.ObserverMethodParameterAnnotatedAsSyncAndAsyncTest" time="0.0"/>
    </testsuite>
