<?xml version="1.0" encoding="UTF-8"?>
<testsuite name="org.jboss.cdi.tck.tests.lookup.typesafe.resolution.primitive.PrimitiveInjectionPointTest" tests="1" skipped="0" failures="0" errors="0" timestamp="2026-05-20T13:32:26.082Z" hostname="runnervmrw5os" time="0.322">
  <properties/>
  <testcase name="testPrimitiveInjectionPointResolvedToNonPrimitiveProducerMethod" classname="org.jboss.cdi.tck.tests.lookup.typesafe.resolution.primitive.PrimitiveInjectionPointTest" time="0.001"/>
    </testsuite>
