<?xml version="1.0" encoding="UTF-8"?>
<testsuite name="org.jboss.cdi.tck.tests.implementation.producer.field.definition.broken.interceptor.ProducerFieldOnInterceptorTest" tests="1" skipped="0" failures="0" errors="0" timestamp="2026-05-20T13:31:46.228Z" hostname="runnervmrw5os" time="0.2">
  <properties/>
  <testcase name="testProducerFieldNotAllowedOnInterceptor" classname="org.jboss.cdi.tck.tests.implementation.producer.field.definition.broken.interceptor.ProducerFieldOnInterceptorTest" time="0.0"/>
    </testsuite>
