<?xml version="1.0" encoding="UTF-8"?>
<testsuite name="org.jboss.cdi.tck.tests.definition.scope.broken.tooManyScopes.producer.method.ProducerMethodTooManyScopesTest" tests="1" skipped="0" failures="0" errors="0" timestamp="2026-05-20T13:31:18.009Z" hostname="runnervmrw5os" time="0.187">
  <properties/>
  <testcase name="testTooManyScopesSpecifiedInJava" classname="org.jboss.cdi.tck.tests.definition.scope.broken.tooManyScopes.producer.method.ProducerMethodTooManyScopesTest" time="0.001"/>
    </testsuite>
