<?xml version="1.0" encoding="UTF-8"?>
<testsuite name="org.jboss.cdi.tck.tests.implementation.producer.method.broken.parameterAnnotatedObservesAsync.ParameterAnnotatedAsyncObservesTest" tests="1" skipped="0" failures="0" errors="0" timestamp="2026-05-20T13:31:48.384Z" hostname="runnervmrw5os" time="0.166">
  <properties/>
  <testcase name="testProducerMethodWithParameterAnnotatedAsyncObserves" classname="org.jboss.cdi.tck.tests.implementation.producer.method.broken.parameterAnnotatedObservesAsync.ParameterAnnotatedAsyncObservesTest" time="0.001"/>
    </testsuite>
