<?xml version="1.0" encoding="UTF-8"?>
<testsuite name="org.jboss.cdi.tck.tests.event.observer.async.handlingExceptions.MultipleExceptionsInObserversNotificationTest" tests="2" skipped="0" failures="0" errors="0" timestamp="2026-05-20T13:31:30.699Z" hostname="runnervmrw5os" time="0.348">
  <properties/>
  <testcase name="testMultipleExceptionsDuringVariousObserversNotification" classname="org.jboss.cdi.tck.tests.event.observer.async.handlingExceptions.MultipleExceptionsInObserversNotificationTest" time="0.004"/>
  <testcase name="testSingleExceptionDuringVariousObserversNotification" classname="org.jboss.cdi.tck.tests.event.observer.async.handlingExceptions.MultipleExceptionsInObserversNotificationTest" time="0.003"/>
    </testsuite>
