<?xml version="1.0" encoding="UTF-8"?>
<testsuite name="org.jboss.cdi.tck.interceptors.tests.bindings.multiple.MultipleInterceptorBindingsTest" tests="3" skipped="0" failures="0" errors="0" timestamp="2026-05-20T13:30:44.967Z" hostname="runnervmrw5os" time="0.669">
  <properties/>
  <testcase name="testInterceptorAppliedToBeanWithAllBindings" classname="org.jboss.cdi.tck.interceptors.tests.bindings.multiple.MultipleInterceptorBindingsTest" time="0.011"/>
  <testcase name="testInterceptorNotAppliedToBeanWithSomeBindings" classname="org.jboss.cdi.tck.interceptors.tests.bindings.multiple.MultipleInterceptorBindingsTest" time="0.008"/>
  <testcase name="testMultipleInterceptorsOnMethod" classname="org.jboss.cdi.tck.interceptors.tests.bindings.multiple.MultipleInterceptorBindingsTest" time="0.003"/>
    </testsuite>
