<?xml version="1.0" encoding="UTF-8"?>
<testsuite name="org.jboss.cdi.tck.interceptors.tests.bindings.broken.InvalidStereotypeInterceptorBindingAnnotationsTest" tests="1" skipped="0" failures="0" errors="0" timestamp="2026-05-20T13:30:40.985Z" hostname="runnervmrw5os" time="0.555">
  <properties/>
  <testcase name="testInterceptorBindingsWithConflictingAnnotationMembersNotOk" classname="org.jboss.cdi.tck.interceptors.tests.bindings.broken.InvalidStereotypeInterceptorBindingAnnotationsTest" time="0.002"/>
    </testsuite>
