<?xml version="1.0" encoding="UTF-8"?>
<testsuite name="org.jboss.cdi.tck.tests.implementation.disposal.method.definition.broken.unresolvedMethod.UnresolvedDisposalMethodDefinitionTest" tests="1" skipped="0" failures="0" errors="0" timestamp="2026-05-20T13:31:42.163Z" hostname="runnervmrw5os" time="0.211">
  <properties/>
  <testcase name="testUnresolvedDisposalMethod" classname="org.jboss.cdi.tck.tests.implementation.disposal.method.definition.broken.unresolvedMethod.UnresolvedDisposalMethodDefinitionTest" time="0.001"/>
    </testsuite>
