<?xml version="1.0" encoding="UTF-8"?>
<testsuite name="org.jboss.cdi.tck.tests.lookup.injection.parameterized.ParameterizedTypesInjectionToParameterizedWithTypeVariableUpperBoundTest" tests="1" skipped="0" failures="0" errors="0" timestamp="2026-05-20T13:32:20.665Z" hostname="runnervmrw5os" time="0.264">
  <properties/>
  <testcase name="testInjection" classname="org.jboss.cdi.tck.tests.lookup.injection.parameterized.ParameterizedTypesInjectionToParameterizedWithTypeVariableUpperBoundTest" time="0.001"/>
    </testsuite>
