<?xml version="1.0" encoding="UTF-8"?>
<testsuite name="org.jboss.cdi.tck.tests.implementation.simple.lifecycle.unproxyable.UnproxyableManagedBeanTest" tests="5" skipped="0" failures="0" errors="0" timestamp="2026-05-20T13:31:53.450Z" hostname="runnervmrw5os" time="0.294">
  <properties/>
  <testcase name="testNormalScopedUnproxyableBeanWithFinalClassResolution" classname="org.jboss.cdi.tck.tests.implementation.simple.lifecycle.unproxyable.UnproxyableManagedBeanTest" time="0.004"/>
  <testcase name="testNormalScopedUnproxyableBeanWithPackagePrivateFinalMethodResolution" classname="org.jboss.cdi.tck.tests.implementation.simple.lifecycle.unproxyable.UnproxyableManagedBeanTest" time="0.002"/>
  <testcase name="testNormalScopedUnproxyableBeanWithPrivateConstructorResolution" classname="org.jboss.cdi.tck.tests.implementation.simple.lifecycle.unproxyable.UnproxyableManagedBeanTest" time="0.002"/>
  <testcase name="testNormalScopedUnproxyableBeanWithProtectedFinalMethodResolution" classname="org.jboss.cdi.tck.tests.implementation.simple.lifecycle.unproxyable.UnproxyableManagedBeanTest" time="0.002"/>
  <testcase name="testNormalScopedUnproxyableBeanWithPublicFinalMethodResolution" classname="org.jboss.cdi.tck.tests.implementation.simple.lifecycle.unproxyable.UnproxyableManagedBeanTest" time="0.002"/>
    </testsuite>
