<?xml version="1.0" encoding="UTF-8"?>
<testsuite name="org.jboss.cdi.tck.tests.lookup.byname.broken.injectionPointWithNamed.NamedNonFieldInjectionPointTest" tests="1" skipped="0" failures="0" errors="0" timestamp="2026-05-20T13:32:12.044Z" hostname="runnervmrw5os" time="0.176">
  <properties/>
  <testcase name="testNamedProducerInjectionPointNotAllowed" classname="org.jboss.cdi.tck.tests.lookup.byname.broken.injectionPointWithNamed.NamedNonFieldInjectionPointTest" time="0.0"/>
    </testsuite>
