<?xml version="1.0" encoding="UTF-8"?>
<testsuite name="org.jboss.cdi.tck.tests.event.observer.conditional.ConditionalObserverTest" tests="4" skipped="0" failures="0" errors="0" timestamp="2026-05-20T13:31:31.705Z" hostname="runnervmrw5os" time="0.357">
  <properties/>
  <testcase name="testAsyncConditionalObserver" classname="org.jboss.cdi.tck.tests.event.observer.conditional.ConditionalObserverTest" time="0.004"/>
  <testcase name="testConditionalObserver" classname="org.jboss.cdi.tck.tests.event.observer.conditional.ConditionalObserverTest" time="0.002"/>
  <testcase name="testNotifyEnumerationContainsNotifyValues" classname="org.jboss.cdi.tck.tests.event.observer.conditional.ConditionalObserverTest" time="0.001"/>
  <testcase name="testObserverMethodInvokedOnReturnedInstanceFromContext" classname="org.jboss.cdi.tck.tests.event.observer.conditional.ConditionalObserverTest" time="0.002"/>
    </testsuite>
