<?xml version="1.0" encoding="UTF-8"?>
<testsuite name="org.jboss.cdi.tck.tests.implementation.initializer.broken.parameterAnnotatedDisposes.ParameterAnnotatedDisposesTest" tests="1" skipped="0" failures="0" errors="0" timestamp="2026-05-20T13:31:44.699Z" hostname="runnervmrw5os" time="0.179">
  <properties/>
  <testcase name="testInitializerMethodHasParameterAnnotatedDisposes" classname="org.jboss.cdi.tck.tests.implementation.initializer.broken.parameterAnnotatedDisposes.ParameterAnnotatedDisposesTest" time="0.001"/>
    </testsuite>
