<?xml version="1.0" encoding="UTF-8"?>
<testsuite name="org.jboss.cdi.tck.tests.definition.stereotype.named.DefaultNamedTest" tests="2" skipped="0" failures="0" errors="0" timestamp="2026-05-20T13:31:21.361Z" hostname="runnervmrw5os" time="0.311">
  <properties/>
  <testcase name="testStereotypeDeclaringNamed" classname="org.jboss.cdi.tck.tests.definition.stereotype.named.DefaultNamedTest" time="0.003"/>
  <testcase name="testStereotypeNamedOverridenByBean" classname="org.jboss.cdi.tck.tests.definition.stereotype.named.DefaultNamedTest" time="0.002"/>
    </testsuite>
