<?xml version="1.0" encoding="UTF-8"?>
<testsuite name="org.jboss.cdi.tck.tests.definition.stereotype.broken.multiplePriorities.ConflictingPriorityStereotypesTest" tests="1" skipped="0" failures="0" errors="0" timestamp="2026-05-20T13:31:19.185Z" hostname="runnervmrw5os" time="0.191">
  <properties/>
  <testcase name="testConflictingPrioritiesFromStereotypes" classname="org.jboss.cdi.tck.tests.definition.stereotype.broken.multiplePriorities.ConflictingPriorityStereotypesTest" time="0.001"/>
    </testsuite>
