<?xml version="1.0" encoding="UTF-8"?>
<testsuite name="org.jboss.cdi.tck.tests.event.observer.priority.contextLifecycleEvent.ApplicationContextLifecycleEventObserverOrderingTest" tests="1" skipped="0" failures="0" errors="0" timestamp="2026-05-20T13:31:33.788Z" hostname="runnervmrw5os" time="0.299">
  <properties/>
  <testcase name="testContextLifecycleEventOrdering" classname="org.jboss.cdi.tck.tests.event.observer.priority.contextLifecycleEvent.ApplicationContextLifecycleEventObserverOrderingTest" time="0.002"/>
    </testsuite>
