<?xml version="1.0" encoding="UTF-8"?>
<testsuite name="org.jboss.cdi.tck.interceptors.tests.contract.interceptorLifeCycle.InterceptorLifeCycleTest" tests="2" skipped="0" failures="0" errors="0" timestamp="2026-05-20T13:30:56.543Z" hostname="runnervmrw5os" time="0.706">
  <properties/>
  <testcase name="testInterceptorInstanceCreatedWhenTargetInstanceCreated[0](null)" classname="org.jboss.cdi.tck.interceptors.tests.contract.interceptorLifeCycle.InterceptorLifeCycleTest" time="0.041"/>
  <testcase name="testInterceptorMethodsCalledAfterDependencyInjection" classname="org.jboss.cdi.tck.interceptors.tests.contract.interceptorLifeCycle.InterceptorLifeCycleTest" time="0.01"/>
    </testsuite>
