<?xml version="1.0" encoding="UTF-8"?>
<testsuite name="org.jboss.cdi.tck.tests.implementation.simple.definition.normalScopedWithPublicField.NormalScopedWithPublicFieldTest" tests="1" skipped="0" failures="0" errors="0" timestamp="2026-05-20T13:31:52.108Z" hostname="runnervmrw5os" time="0.233">
  <properties/>
  <testcase name="testNormalScopedBeanCanNotHavePublicField" classname="org.jboss.cdi.tck.tests.implementation.simple.definition.normalScopedWithPublicField.NormalScopedWithPublicFieldTest" time="0.0"/>
    </testsuite>
