<?xml version="1.0" encoding="UTF-8"?>
<testsuite name="org.jboss.cdi.tck.tests.lookup.dependency.resolution.AmbiguousDependencyResolutionTest" tests="2" skipped="0" failures="0" errors="0" timestamp="2026-05-20T13:32:16.263Z" hostname="runnervmrw5os" time="0.31">
  <properties/>
  <testcase name="testProducerFieldOnAlternativeIsNotEliminated[0](null)" classname="org.jboss.cdi.tck.tests.lookup.dependency.resolution.AmbiguousDependencyResolutionTest" time="0.001"/>
  <testcase name="testProducerMethodOnAlternativeIsNotEliminated[0](null)" classname="org.jboss.cdi.tck.tests.lookup.dependency.resolution.AmbiguousDependencyResolutionTest" time="0.001"/>
    </testsuite>
