<?xml version="1.0" encoding="UTF-8"?>
<testsuite name="org.jboss.cdi.tck.tests.event.implicit.ImplicitEventTest" tests="5" skipped="0" failures="0" errors="0" timestamp="2026-05-20T13:31:27.805Z" hostname="runnervmrw5os" time="0.34">
  <properties/>
  <testcase name="testImplicitEventExistsForEachEventType" classname="org.jboss.cdi.tck.tests.event.implicit.ImplicitEventTest" time="0.002"/>
  <testcase name="testImplicitEventHasAllExplicitBindingTypes" classname="org.jboss.cdi.tck.tests.event.implicit.ImplicitEventTest" time="0.002"/>
  <testcase name="testImplicitEventHasDependentScope" classname="org.jboss.cdi.tck.tests.event.implicit.ImplicitEventTest" time="0.002"/>
  <testcase name="testImplicitEventHasImplementation" classname="org.jboss.cdi.tck.tests.event.implicit.ImplicitEventTest" time="0.004"/>
  <testcase name="testImplicitEventHasNoName" classname="org.jboss.cdi.tck.tests.event.implicit.ImplicitEventTest" time="0.001"/>
    </testsuite>
