<?xml version="1.0" encoding="UTF-8"?>
<testsuite name="org.jboss.cdi.tck.tests.implementation.producer.method.broken.parameterizedTypeWithWildcard.ParametrizedTypeWithWildcard02Test" tests="1" skipped="0" failures="0" errors="0" timestamp="2026-05-20T13:31:49.099Z" hostname="runnervmrw5os" time="0.182">
  <properties/>
  <testcase name="testParameterizedReturnTypeWithDoubleWildcard" classname="org.jboss.cdi.tck.tests.implementation.producer.method.broken.parameterizedTypeWithWildcard.ParametrizedTypeWithWildcard02Test" time="0.0"/>
    </testsuite>
