<?xml version="1.0" encoding="UTF-8"?>
<testsuite name="org.jboss.cdi.tck.tests.implementation.producer.method.broken.parameterizedTypeWithWildcard.ParameterizedTypeWithWildcardTest" tests="1" skipped="0" failures="0" errors="0" timestamp="2026-05-20T13:31:48.921Z" hostname="runnervmrw5os" time="0.175">
  <properties/>
  <testcase name="testParameterizedReturnTypeWithWildcard" classname="org.jboss.cdi.tck.tests.implementation.producer.method.broken.parameterizedTypeWithWildcard.ParameterizedTypeWithWildcardTest" time="0.001"/>
    </testsuite>
