<?xml version="1.0" encoding="UTF-8"?>
<testsuite name="org.jboss.cdi.tck.tests.interceptors.definition.broken.observer.async.InterceptorWithAsyncObserverMethodTest" tests="1" skipped="0" failures="0" errors="0" timestamp="2026-05-20T13:31:55.822Z" hostname="runnervmrw5os" time="0.201">
  <properties/>
  <testcase name="testInterceptorWithAsyncObserverMethodNotOk" classname="org.jboss.cdi.tck.tests.interceptors.definition.broken.observer.async.InterceptorWithAsyncObserverMethodTest" time="0.001"/>
    </testsuite>
