<?xml version="1.0" encoding="UTF-8"?>
<testsuite name="org.jboss.cdi.tck.tests.implementation.builtin.metadata.broken.typeparam.interceptor.InterceptorTypeParamInitializerTest" tests="1" skipped="0" failures="0" errors="0" timestamp="2026-05-20T13:31:40.407Z" hostname="runnervmrw5os" time="0.19">
  <properties/>
  <testcase name="testDeploymentFails" classname="org.jboss.cdi.tck.tests.implementation.builtin.metadata.broken.typeparam.interceptor.InterceptorTypeParamInitializerTest" time="0.0"/>
    </testsuite>
