<?xml version="1.0" encoding="UTF-8"?>
<testsuite name="org.jboss.cdi.tck.tests.interceptors.definition.inheritance.broken.binding.FinalClassWithInheritedClassLevelInterceptorTest" tests="1" skipped="0" failures="0" errors="0" timestamp="2026-05-20T13:31:56.467Z" hostname="runnervmrw5os" time="0.196">
  <properties/>
  <testcase name="testFinalClassWithInheritedClassLevelInterceptor" classname="org.jboss.cdi.tck.tests.interceptors.definition.inheritance.broken.binding.FinalClassWithInheritedClassLevelInterceptorTest" time="0.0"/>
    </testsuite>
