<?xml version="1.0" encoding="UTF-8"?>
<testsuite name="org.jboss.cdi.tck.tests.implementation.simple.definition.normalScopedWithPublicStaticField.NormalScopedWithPublicStaticFieldTest" tests="1" skipped="0" failures="0" errors="0" timestamp="2026-05-20T13:31:52.346Z" hostname="runnervmrw5os" time="0.347">
  <properties/>
  <testcase name="testNormalScopedBeanCanHavePublicStaticField" classname="org.jboss.cdi.tck.tests.implementation.simple.definition.normalScopedWithPublicStaticField.NormalScopedWithPublicStaticFieldTest" time="0.001"/>
    </testsuite>
