<?xml version="1.0" encoding="UTF-8"?>
<testsuite name="org.jboss.cdi.tck.tests.implementation.simple.definition.tooManyInitializerAnnotatedConstructors.TooManyInitializerAnnotatedConstructorsTest" tests="1" skipped="0" failures="0" errors="0" timestamp="2026-05-20T13:31:52.702Z" hostname="runnervmrw5os" time="0.199">
  <properties/>
  <testcase name="testTooManyInitializerAnnotatedConstructor" classname="org.jboss.cdi.tck.tests.implementation.simple.definition.tooManyInitializerAnnotatedConstructors.TooManyInitializerAnnotatedConstructorsTest" time="0.0"/>
    </testsuite>
