<?xml version="1.0" encoding="UTF-8"?>
<testsuite name="org.jboss.cdi.tck.tests.lookup.byname.broken.injectionPointWithNamed3.NamedNonFieldInjectionPointTest" tests="1" skipped="0" failures="0" errors="0" timestamp="2026-05-20T13:32:12.395Z" hostname="runnervmrw5os" time="0.188">
  <properties/>
  <testcase name="testNamedInitializerMethodInjectionPointNotAllowed" classname="org.jboss.cdi.tck.tests.lookup.byname.broken.injectionPointWithNamed3.NamedNonFieldInjectionPointTest" time="0.001"/>
    </testsuite>
