<?xml version="1.0" encoding="UTF-8"?>
<testsuite name="org.jboss.cdi.tck.tests.alternative.selection.stereotype.priority.StereotypeWithAlternativeSelectedByPriorityTest" tests="1" skipped="0" failures="0" errors="0" timestamp="2026-05-20T13:30:47.032Z" hostname="runnervmrw5os" time="0.54">
  <properties/>
  <testcase name="testStereotypeAlternativeIsEnabled" classname="org.jboss.cdi.tck.tests.alternative.selection.stereotype.priority.StereotypeWithAlternativeSelectedByPriorityTest" time="0.003"/>
    </testsuite>
