<?xml version="1.0" encoding="UTF-8"?>
<testsuite name="org.jboss.cdi.tck.tests.context.dependent.transientreference.DependentTransientReferenceDestroyedTest" tests="2" skipped="0" failures="0" errors="0" timestamp="2026-05-20T13:31:11.815Z" hostname="runnervmrw5os" time="0.367">
  <properties/>
  <testcase name="testConstructorAndInitializer" classname="org.jboss.cdi.tck.tests.context.dependent.transientreference.DependentTransientReferenceDestroyedTest" time="0.003"/>
  <testcase name="testProducerMethod" classname="org.jboss.cdi.tck.tests.context.dependent.transientreference.DependentTransientReferenceDestroyedTest" time="0.002"/>
    </testsuite>
