<?xml version="1.0" encoding="UTF-8"?>
<testsuite name="org.jboss.cdi.tck.tests.lookup.typesafe.resolution.primitive.PrimitiveInjectionPointTest" tests="1" skipped="0" failures="0" errors="0" timestamp="2026-05-20T14:01:24.537Z" hostname="runnervmg397c" time="0.331">
  <properties/>
  <testcase name="testPrimitiveInjectionPointResolvedToNonPrimitiveProducerMethod" classname="org.jboss.cdi.tck.tests.lookup.typesafe.resolution.primitive.PrimitiveInjectionPointTest" time="0.002"/>
    </testsuite>
