<?xml version="1.0" encoding="UTF-8"?>
<testsuite name="org.jboss.cdi.tck.tests.lookup.clientProxy.unproxyable.finalMethod.PackagePrivateFinalMethodNotProxyableTest" tests="1" skipped="0" failures="0" errors="0" timestamp="2026-05-20T14:01:12.807Z" hostname="runnervmg397c" time="0.175">
  <properties/>
  <testcase name="testClassWithPublicFinalMethodCannotBeProxied" classname="org.jboss.cdi.tck.tests.lookup.clientProxy.unproxyable.finalMethod.PackagePrivateFinalMethodNotProxyableTest" time="0.001"/>
    </testsuite>
