<?xml version="1.0" encoding="UTF-8"?>
<testsuite name="org.jboss.cdi.tck.tests.lookup.dynamic.handle.InstanceHandleTest" tests="4" skipped="0" failures="0" errors="0" timestamp="2026-05-20T14:01:17.655Z" hostname="runnervmg397c" time="0.339">
  <properties/>
  <testcase name="testGetAfterDestroyingContextualInstance" classname="org.jboss.cdi.tck.tests.lookup.dynamic.handle.InstanceHandleTest" time="0.003"/>
  <testcase name="testGetHandle" classname="org.jboss.cdi.tck.tests.lookup.dynamic.handle.InstanceHandleTest" time="0.003"/>
  <testcase name="testHandles" classname="org.jboss.cdi.tck.tests.lookup.dynamic.handle.InstanceHandleTest" time="0.002"/>
  <testcase name="testIsResolvable" classname="org.jboss.cdi.tck.tests.lookup.dynamic.handle.InstanceHandleTest" time="0.001"/>
    </testsuite>
