<?xml version="1.0" encoding="UTF-8"?>
<testsuite name="org.jboss.cdi.tck.tests.definition.scope.broken.tooManyScopes.producer.method.ProducerMethodTooManyScopesTest" tests="1" skipped="0" failures="0" errors="0" timestamp="2026-05-20T14:00:16.605Z" hostname="runnervmg397c" time="0.192">
  <properties/>
  <testcase name="testTooManyScopesSpecifiedInJava" classname="org.jboss.cdi.tck.tests.definition.scope.broken.tooManyScopes.producer.method.ProducerMethodTooManyScopesTest" time="0.0"/>
    </testsuite>
