<?xml version="1.0" encoding="UTF-8"?>
<testsuite name="org.jboss.cdi.tck.tests.definition.stereotype.StereotypeDefinitionTest" tests="11" skipped="0" failures="0" errors="0" timestamp="2026-05-20T14:00:17.125Z" hostname="runnervmg397c" time="0.512">
  <properties/>
  <testcase name="testExplicitScopeOverridesMergedScopesFromMultipleStereotype" classname="org.jboss.cdi.tck.tests.definition.stereotype.StereotypeDefinitionTest" time="0.002"/>
  <testcase name="testMultipleStereotypesAllowed" classname="org.jboss.cdi.tck.tests.definition.stereotype.StereotypeDefinitionTest" time="0.003"/>
  <testcase name="testOneStereotypeAllowed" classname="org.jboss.cdi.tck.tests.definition.stereotype.StereotypeDefinitionTest" time="0.002"/>
  <testcase name="testStereotypeDeclaredInheritedIsIndirectlyInherited" classname="org.jboss.cdi.tck.tests.definition.stereotype.StereotypeDefinitionTest" time="0.002"/>
  <testcase name="testStereotypeDeclaredInheritedIsInherited" classname="org.jboss.cdi.tck.tests.definition.stereotype.StereotypeDefinitionTest" time="0.002"/>
  <testcase name="testStereotypeNotDeclaredInheritedIsNotIndirectlyInherited" classname="org.jboss.cdi.tck.tests.definition.stereotype.StereotypeDefinitionTest" time="0.002"/>
  <testcase name="testStereotypeNotDeclaredInheritedIsNotInherited" classname="org.jboss.cdi.tck.tests.definition.stereotype.StereotypeDefinitionTest" time="0.002"/>
  <testcase name="testStereotypeScopeIsOverriddenByIndirectlyInheritedScope" classname="org.jboss.cdi.tck.tests.definition.stereotype.StereotypeDefinitionTest" time="0.002"/>
  <testcase name="testStereotypeScopeIsOverriddenByInheritedScope" classname="org.jboss.cdi.tck.tests.definition.stereotype.StereotypeDefinitionTest" time="0.001"/>
  <testcase name="testStereotypeWithScopeType" classname="org.jboss.cdi.tck.tests.definition.stereotype.StereotypeDefinitionTest" time="0.001"/>
  <testcase name="testStereotypeWithoutScopeType" classname="org.jboss.cdi.tck.tests.definition.stereotype.StereotypeDefinitionTest" time="0.001"/>
    </testsuite>
