<?xml version="1.0" encoding="UTF-8"?>
<testsuite name="org.jboss.cdi.tck.tests.alternative.selection.stereotype.priority.StereotypeWithAlternativeSelectedByPriorityTest" tests="1" skipped="0" failures="0" errors="0" timestamp="2026-05-20T13:59:44.221Z" hostname="runnervmg397c" time="0.709">
  <properties/>
  <testcase name="testStereotypeAlternativeIsEnabled" classname="org.jboss.cdi.tck.tests.alternative.selection.stereotype.priority.StereotypeWithAlternativeSelectedByPriorityTest" time="0.006"/>
    </testsuite>
