<?xml version="1.0" encoding="UTF-8"?>
<testsuite name="org.jboss.cdi.tck.tests.interceptors.definition.InterceptorDefinitionTest" tests="11" skipped="0" failures="0" errors="0" timestamp="2026-05-20T14:00:52.302Z" hostname="runnervmg397c" time="0.462">
  <properties/>
  <testcase name="testInstanceOfInterceptorForEveryEnabledInterceptor" classname="org.jboss.cdi.tck.tests.interceptors.definition.InterceptorDefinitionTest" time="0.008"/>
  <testcase name="testInterceptionType" classname="org.jboss.cdi.tck.tests.interceptors.definition.InterceptorDefinitionTest" time="0.002"/>
  <testcase name="testInterceptorBindingAnnotation" classname="org.jboss.cdi.tck.tests.interceptors.definition.InterceptorDefinitionTest" time="0.001"/>
  <testcase name="testInterceptorBindingTypes" classname="org.jboss.cdi.tck.tests.interceptors.definition.InterceptorDefinitionTest" time="0.001"/>
  <testcase name="testInterceptorBindingsCanDeclareOtherInterceptorBindings" classname="org.jboss.cdi.tck.tests.interceptors.definition.InterceptorDefinitionTest" time="0.002"/>
  <testcase name="testInterceptorsImplementInterceptorInterface" classname="org.jboss.cdi.tck.tests.interceptors.definition.InterceptorDefinitionTest" time="0.002"/>
  <testcase name="testNoBindingTypesToResolveInterceptorsFails" classname="org.jboss.cdi.tck.tests.interceptors.definition.InterceptorDefinitionTest" time="0.003"/>
  <testcase name="testNonBindingTypeToResolveInterceptorsFails" classname="org.jboss.cdi.tck.tests.interceptors.definition.InterceptorDefinitionTest" time="0.002"/>
  <testcase name="testResolveInterceptorsReturnsOrderedList" classname="org.jboss.cdi.tck.tests.interceptors.definition.InterceptorDefinitionTest" time="0.002"/>
  <testcase name="testSameBindingTypesToResolveInterceptorsFails" classname="org.jboss.cdi.tck.tests.interceptors.definition.InterceptorDefinitionTest" time="0.001"/>
  <testcase name="testStereotypeInterceptorBindings" classname="org.jboss.cdi.tck.tests.interceptors.definition.InterceptorDefinitionTest" time="0.006"/>
    </testsuite>
