<?xml version="1.0" encoding="UTF-8"?>
<testsuite name="org.jboss.cdi.tck.interceptors.tests.contract.interceptorLifeCycle.aroundConstruct.returnValueIgnored.AroundConstructInterceptorReturnValueTest" tests="1" skipped="0" failures="0" errors="0" timestamp="2026-05-20T13:59:56.411Z" hostname="runnervmg397c" time="0.508">
  <properties/>
  <testcase name="testAroundConstructInvokedAfterDependencyInjectionOnInterceptorClasses[0](null)" classname="org.jboss.cdi.tck.interceptors.tests.contract.interceptorLifeCycle.aroundConstruct.returnValueIgnored.AroundConstructInterceptorReturnValueTest" time="0.008"/>
    </testsuite>
