<?xml version="1.0" encoding="UTF-8"?>
<testsuite name="org.jboss.cdi.tck.tests.definition.stereotype.broken.multiplePriorities.inherited.StereotypeInheritedPriorityConflictTest" tests="1" skipped="0" failures="0" errors="0" timestamp="2026-05-20T14:00:18.156Z" hostname="runnervmg397c" time="0.209">
  <properties/>
  <testcase name="testInheritedStereotypesAreConflicting" classname="org.jboss.cdi.tck.tests.definition.stereotype.broken.multiplePriorities.inherited.StereotypeInheritedPriorityConflictTest" time="0.001"/>
    </testsuite>
