<?xml version="1.0" encoding="UTF-8"?>
<testsuite name="org.jboss.cdi.tck.tests.interceptors.definition.broken.observer.async.InterceptorWithAsyncObserverMethodTest" tests="1" skipped="0" failures="0" errors="0" timestamp="2026-05-20T14:00:54.095Z" hostname="runnervmg397c" time="0.204">
  <properties/>
  <testcase name="testInterceptorWithAsyncObserverMethodNotOk" classname="org.jboss.cdi.tck.tests.interceptors.definition.broken.observer.async.InterceptorWithAsyncObserverMethodTest" time="0.001"/>
    </testsuite>
