<?xml version="1.0" encoding="UTF-8"?>
<testsuite name="org.jboss.cdi.tck.tests.implementation.disposal.method.definition.broken.initializerUnallowed.InitializerUnallowedDefinitionTest" tests="1" skipped="0" failures="0" errors="0" timestamp="2026-05-20T14:00:39.655Z" hostname="runnervmg397c" time="0.195">
  <properties/>
  <testcase name="testInitializerUnallowed" classname="org.jboss.cdi.tck.tests.implementation.disposal.method.definition.broken.initializerUnallowed.InitializerUnallowedDefinitionTest" time="0.0"/>
    </testsuite>
