<?xml version="1.0" encoding="UTF-8"?>
<testsuite name="org.jboss.cdi.tck.tests.implementation.simple.definition.constructorHasObservesParameter.ConstructorHasObservesParameterTest" tests="1" skipped="0" failures="0" errors="0" timestamp="2026-05-20T14:00:50.235Z" hostname="runnervmg397c" time="0.187">
  <properties/>
  <testcase name="testConstructorHasObservesParameter" classname="org.jboss.cdi.tck.tests.implementation.simple.definition.constructorHasObservesParameter.ConstructorHasObservesParameterTest" time="0.0"/>
    </testsuite>
