<?xml version="1.0" encoding="UTF-8"?>
<testsuite name="org.jboss.cdi.tck.tests.implementation.builtin.metadata.broken.typeparam.interceptor.InterceptedBeanTypeParamFieldTest" tests="1" skipped="0" failures="0" errors="0" timestamp="2026-05-20T14:00:38.212Z" hostname="runnervmg397c" time="0.2">
  <properties/>
  <testcase name="testDeploymentFails" classname="org.jboss.cdi.tck.tests.implementation.builtin.metadata.broken.typeparam.interceptor.InterceptedBeanTypeParamFieldTest" time="0.001"/>
    </testsuite>
