<?xml version="1.0" encoding="UTF-8"?>
<testsuite name="org.jboss.cdi.tck.tests.definition.qualifier.QualifierDefinitionTest" tests="8" skipped="0" failures="0" errors="0" timestamp="2026-05-20T14:00:14.204Z" hostname="runnervmg397c" time="0.508">
  <properties/>
  <testcase name="testMultipleQualifiers" classname="org.jboss.cdi.tck.tests.definition.qualifier.QualifierDefinitionTest" time="0.005"/>
  <testcase name="testQualifierDeclaredInheritedIsBlockedByIntermediateClass" classname="org.jboss.cdi.tck.tests.definition.qualifier.QualifierDefinitionTest" time="0.004"/>
  <testcase name="testQualifierDeclaredInheritedIsIndirectlyInherited" classname="org.jboss.cdi.tck.tests.definition.qualifier.QualifierDefinitionTest" time="0.002"/>
  <testcase name="testQualifierDeclaredInheritedIsInherited" classname="org.jboss.cdi.tck.tests.definition.qualifier.QualifierDefinitionTest" time="0.002"/>
  <testcase name="testQualifierDeclaresBindingAnnotation" classname="org.jboss.cdi.tck.tests.definition.qualifier.QualifierDefinitionTest" time="0.004"/>
  <testcase name="testQualifierNotDeclaredInheritedIsNotIndirectlyInherited" classname="org.jboss.cdi.tck.tests.definition.qualifier.QualifierDefinitionTest" time="0.004"/>
  <testcase name="testQualifierNotDeclaredInheritedIsNotInherited" classname="org.jboss.cdi.tck.tests.definition.qualifier.QualifierDefinitionTest" time="0.003"/>
  <testcase name="testQualifiersDeclaredInJava" classname="org.jboss.cdi.tck.tests.definition.qualifier.QualifierDefinitionTest" time="0.005"/>
    </testsuite>
