<?xml version="1.0" encoding="UTF-8"?>
<testsuite name="org.jboss.cdi.tck.interceptors.tests.contract.interceptorLifeCycle.aroundConstruct.withAroundInvoke.SingleInterceptorInstanceTest" tests="1" skipped="0" failures="0" errors="0" timestamp="2026-05-20T13:59:57.675Z" hostname="runnervmg397c" time="0.405">
  <properties/>
  <testcase name="testAroundConstructInvokedAfterDependencyInjectionOnInterceptorClasses[0](null)" classname="org.jboss.cdi.tck.interceptors.tests.contract.interceptorLifeCycle.aroundConstruct.withAroundInvoke.SingleInterceptorInstanceTest" time="0.007"/>
    </testsuite>
