<?xml version="1.0" encoding="UTF-8"?>
<testsuite name="org.jboss.cdi.tck.tests.invokers.basic.InvokerAssignabilityTest" tests="2" skipped="0" failures="0" errors="0" timestamp="2026-05-20T14:00:59.054Z" hostname="runnervmg397c" time="0.482">
  <properties/>
  <testcase name="testNonNull[0](null, null)" classname="org.jboss.cdi.tck.tests.invokers.basic.InvokerAssignabilityTest" time="0.028"/>
  <testcase name="testNull[0](null, null)" classname="org.jboss.cdi.tck.tests.invokers.basic.InvokerAssignabilityTest" time="0.004"/>
    </testsuite>
