<?xml version="1.0" encoding="UTF-8"?>
<testsuite name="org.jboss.cdi.tck.tests.implementation.producer.method.broken.typeVariableReturnType.TypeVariableReturnTypeTest" tests="1" skipped="0" failures="0" errors="0" timestamp="2026-05-20T14:00:47.800Z" hostname="runnervmg397c" time="0.179">
  <properties/>
  <testcase name="testTypeVariableNotAllowed" classname="org.jboss.cdi.tck.tests.implementation.producer.method.broken.typeVariableReturnType.TypeVariableReturnTypeTest" time="0.001"/>
    </testsuite>
