<?xml version="1.0" encoding="UTF-8"?>
<testsuite name="org.jboss.cdi.tck.tests.interceptors.definition.inheritance.broken.binding.FinalClassWithInheritedClassLevelInterceptorTest" tests="1" skipped="0" failures="0" errors="0" timestamp="2026-05-20T14:00:54.752Z" hostname="runnervmg397c" time="0.192">
  <properties/>
  <testcase name="testFinalClassWithInheritedClassLevelInterceptor" classname="org.jboss.cdi.tck.tests.interceptors.definition.inheritance.broken.binding.FinalClassWithInheritedClassLevelInterceptorTest" time="0.001"/>
    </testsuite>
