<?xml version="1.0" encoding="UTF-8"?>
<testsuite name="org.jboss.cdi.tck.tests.event.observer.priority.contextLifecycleEvent.ApplicationContextLifecycleEventObserverOrderingTest" tests="1" skipped="0" failures="0" errors="0" timestamp="2026-05-20T14:00:32.104Z" hostname="runnervmg397c" time="0.294">
  <properties/>
  <testcase name="testContextLifecycleEventOrdering" classname="org.jboss.cdi.tck.tests.event.observer.priority.contextLifecycleEvent.ApplicationContextLifecycleEventObserverOrderingTest" time="0.001"/>
    </testsuite>
