<?xml version="1.0" encoding="UTF-8"?>
<testsuite name="org.jboss.cdi.tck.tests.implementation.builtin.metadata.broken.typeparam.interceptor.InterceptorTypeParamFieldTest" tests="1" skipped="0" failures="0" errors="0" timestamp="2026-05-20T14:00:38.815Z" hostname="runnervmg397c" time="0.194">
  <properties/>
  <testcase name="testDeploymentFails" classname="org.jboss.cdi.tck.tests.implementation.builtin.metadata.broken.typeparam.interceptor.InterceptorTypeParamFieldTest" time="0.0"/>
    </testsuite>
