<?xml version="1.0" encoding="UTF-8"?>
<testsuite name="org.jboss.cdi.tck.tests.lookup.byname.broken.injectionPointWithNamed2.NamedNonFieldInjectionPointTest" tests="1" skipped="0" failures="0" errors="0" timestamp="2026-05-20T14:01:10.455Z" hostname="runnervmg397c" time="0.169">
  <properties/>
  <testcase name="testNamedObserverMethodInjectionPointNotAllowed" classname="org.jboss.cdi.tck.tests.lookup.byname.broken.injectionPointWithNamed2.NamedNonFieldInjectionPointTest" time="0.0"/>
    </testsuite>
