<?xml version="1.0" encoding="UTF-8"?>
<testsuite name="org.jboss.cdi.tck.tests.definition.stereotype.broken.scopeConflict.transitive.TransitiveIncompatibleStereotypesTest" tests="1" skipped="0" failures="0" errors="0" timestamp="2026-05-20T14:00:18.751Z" hostname="runnervmg397c" time="0.173">
  <properties/>
  <testcase name="testMultipleTransitiveIncompatibleScopeStereotypes" classname="org.jboss.cdi.tck.tests.definition.stereotype.broken.scopeConflict.transitive.TransitiveIncompatibleStereotypesTest" time="0.0"/>
    </testsuite>
