<?xml version="1.0" encoding="UTF-8"?>
<testsuite name="org.jboss.cdi.tck.tests.definition.name.NameDefinitionTest" tests="9" skipped="0" failures="0" errors="0" timestamp="2026-05-20T14:00:13.766Z" hostname="runnervmg397c" time="0.427">
  <properties/>
  <testcase name="testDefaultNamed" classname="org.jboss.cdi.tck.tests.definition.name.NameDefinitionTest" time="0.002"/>
  <testcase name="testNameStartingWithDollarCharacter" classname="org.jboss.cdi.tck.tests.definition.name.NameDefinitionTest" time="0.003"/>
  <testcase name="testNameStartingWithLowerCaseCharacter" classname="org.jboss.cdi.tck.tests.definition.name.NameDefinitionTest" time="0.003"/>
  <testcase name="testNameStartingWithMultipleUpperCaseCharacters" classname="org.jboss.cdi.tck.tests.definition.name.NameDefinitionTest" time="0.002"/>
  <testcase name="testNameStartingWithUnderScoreCharacter" classname="org.jboss.cdi.tck.tests.definition.name.NameDefinitionTest" time="0.002"/>
  <testcase name="testNamedNotDeclaredByBean" classname="org.jboss.cdi.tck.tests.definition.name.NameDefinitionTest" time="0.003"/>
  <testcase name="testNamedNotDeclaredByStereotype" classname="org.jboss.cdi.tck.tests.definition.name.NameDefinitionTest" time="0.002"/>
  <testcase name="testNonDefaultNamed" classname="org.jboss.cdi.tck.tests.definition.name.NameDefinitionTest" time="0.002"/>
  <testcase name="testStereotypeDefaultsName" classname="org.jboss.cdi.tck.tests.definition.name.NameDefinitionTest" time="0.002"/>
    </testsuite>
