<?xml version="1.0" encoding="UTF-8"?>
<testsuite name="org.jboss.cdi.tck.tests.event.parameterized.ParameterizedEventTest" tests="9" skipped="0" failures="0" errors="0" timestamp="2026-05-20T14:00:33.495Z" hostname="runnervmg397c" time="0.389">
  <properties/>
  <testcase name="testEventObjectTypeUsed" classname="org.jboss.cdi.tck.tests.event.parameterized.ParameterizedEventTest" time="0.002"/>
  <testcase name="testSelectedEventTypeCombinedWithEventObjectRuntimeTypeForResolvingEventTypeArguments" classname="org.jboss.cdi.tck.tests.event.parameterized.ParameterizedEventTest" time="0.001"/>
  <testcase name="testSelectedEventTypeCombinedWithEventObjectRuntimeTypeForResolvingEventTypeArguments2" classname="org.jboss.cdi.tck.tests.event.parameterized.ParameterizedEventTest" time="0.001"/>
  <testcase name="testSelectedEventTypeUsedForResolvingEventTypeArguments" classname="org.jboss.cdi.tck.tests.event.parameterized.ParameterizedEventTest" time="0.002"/>
  <testcase name="testSelectedEventTypeUsedForResolvingEventTypeArguments2" classname="org.jboss.cdi.tck.tests.event.parameterized.ParameterizedEventTest" time="0.001"/>
  <testcase name="testUnresolvedTypeVariableDetected1" classname="org.jboss.cdi.tck.tests.event.parameterized.ParameterizedEventTest" time="0.002"/>
  <testcase name="testUnresolvedTypeVariableDetected2" classname="org.jboss.cdi.tck.tests.event.parameterized.ParameterizedEventTest" time="0.002"/>
  <testcase name="testUnresolvedTypeVariableDetected3" classname="org.jboss.cdi.tck.tests.event.parameterized.ParameterizedEventTest" time="0.001"/>
  <testcase name="testWildcardIsResolvable" classname="org.jboss.cdi.tck.tests.event.parameterized.ParameterizedEventTest" time="0.001"/>
    </testsuite>
