<?xml version="1.0" encoding="UTF-8"?>
<testsuite name="org.jboss.cdi.tck.tests.lookup.clientProxy.ClientProxyTest" tests="2" skipped="0" failures="0" errors="0" timestamp="2026-05-20T14:01:11.760Z" hostname="runnervmg397c" time="0.303">
  <properties/>
  <testcase name="testClientProxyInvocation" classname="org.jboss.cdi.tck.tests.lookup.clientProxy.ClientProxyTest" time="0.002"/>
  <testcase name="testClientProxyUsedForNormalScope" classname="org.jboss.cdi.tck.tests.lookup.clientProxy.ClientProxyTest" time="0.001"/>
    </testsuite>
