<?xml version="1.0" encoding="UTF-8"?>
<testsuite name="org.jboss.cdi.tck.tests.implementation.disposal.method.definition.broken.validation.ambiguous.DisposerMethodParameterInjectionValidationTest" tests="1" skipped="0" failures="0" errors="0" timestamp="2026-05-20T14:00:41.015Z" hostname="runnervmg397c" time="0.201">
  <properties/>
  <testcase name="test" classname="org.jboss.cdi.tck.tests.implementation.disposal.method.definition.broken.validation.ambiguous.DisposerMethodParameterInjectionValidationTest" time="0.001"/>
    </testsuite>
