<?xml version="1.0" encoding="UTF-8"?>
<testsuite name="org.jboss.cdi.tck.tests.event.broken.observer.bothObservesAnnotations.ObserverMethodParameterAnnotatedAsSyncAndAsyncTest" tests="1" skipped="0" failures="0" errors="0" timestamp="2026-05-20T14:00:22.569Z" hostname="runnervmg397c" time="0.171">
  <properties/>
  <testcase name="observerMethodMustBeSyncOrAsync" classname="org.jboss.cdi.tck.tests.event.broken.observer.bothObservesAnnotations.ObserverMethodParameterAnnotatedAsSyncAndAsyncTest" time="0.001"/>
    </testsuite>
