<?xml version="1.0" encoding="UTF-8"?>
<testsuite name="org.jboss.cdi.tck.tests.lookup.dynamic.builtin.BuiltinInstanceTest" tests="3" skipped="0" failures="0" errors="0" timestamp="2026-05-20T14:01:16.679Z" hostname="runnervmg397c" time="0.322">
  <properties/>
  <testcase name="testInstanceProvidedForEveryLegalBeanType[0](null, null)" classname="org.jboss.cdi.tck.tests.lookup.dynamic.builtin.BuiltinInstanceTest" time="0.003"/>
  <testcase name="testNameOfBuiltinInstance" classname="org.jboss.cdi.tck.tests.lookup.dynamic.builtin.BuiltinInstanceTest" time="0.001"/>
  <testcase name="testScopeOfBuiltinInstance" classname="org.jboss.cdi.tck.tests.lookup.dynamic.builtin.BuiltinInstanceTest" time="0.001"/>
    </testsuite>
