<?xml version="1.0" encoding="UTF-8"?>
<testsuite name="org.jboss.cdi.tck.tests.implementation.initializer.broken.parameterAnnotatedAsyncObserves.ParameterAnnotatedAsyncObservesTest" tests="1" skipped="0" failures="0" errors="0" timestamp="2026-05-20T14:00:43.235Z" hostname="runnervmg397c" time="0.172">
  <properties/>
  <testcase name="testInitializerMethodHasParameterAnnotatedAsyncObserves" classname="org.jboss.cdi.tck.tests.implementation.initializer.broken.parameterAnnotatedAsyncObserves.ParameterAnnotatedAsyncObservesTest" time="0.001"/>
    </testsuite>
