<?xml version="1.0" encoding="UTF-8"?>
<testsuite name="org.jboss.cdi.tck.tests.implementation.producer.field.definition.broken.typeVariable.ProducerFieldWithTypeVariableTest" tests="1" skipped="0" failures="0" errors="0" timestamp="2026-05-20T14:00:45.064Z" hostname="runnervmg397c" time="0.171">
  <properties/>
  <testcase name="testProducerFieldWithTypeOfTypeVariableNotAllowed" classname="org.jboss.cdi.tck.tests.implementation.producer.field.definition.broken.typeVariable.ProducerFieldWithTypeVariableTest" time="0.001"/>
    </testsuite>
