<?xml version="1.0" encoding="UTF-8"?>
<testsuite name="org.jboss.cdi.tck.tests.implementation.simple.definition.constructorHasAsyncObservesParameter.ConstructorHasAsyncObservesParameterTest" tests="1" skipped="0" failures="0" errors="0" timestamp="2026-05-20T14:00:49.859Z" hostname="runnervmg397c" time="0.198">
  <properties/>
  <testcase name="testConstructorHasAsyncObservesParameter" classname="org.jboss.cdi.tck.tests.implementation.simple.definition.constructorHasAsyncObservesParameter.ConstructorHasAsyncObservesParameterTest" time="0.0"/>
    </testsuite>
